<?xml version="1.0" encoding="UTF-8"?>
<!-- Generated by org.testng.reporters.JUnitXMLReporter -->
<testsuite ignored="0" hostname="LAPTOP-D0222Q4F" failures="0" tests="6" name="Surefire test" time="0.101" errors="0" timestamp="2021-06-21T14:10:37 IST">
  <testcase classname="qaclickacademy.AppiumTest" name="Iosapps" time="0.008"/>
  <testcase classname="qaclickacademy.AppiumTest" name="NativeappAndroid" time="0.001"/>
  <testcase classname="qaclickacademy.RestAPITest" name="DeleteTwitter" time="0.001"/>
  <testcase classname="qaclickacademy.RestAPITest" name="PostJira" time="0.002"/>
  <testcase classname="qaclickacademy.SeleniumTest" name="BrowserAutomation" time="0.001"/>
  <testcase classname="qaclickacademy.SeleniumTest" name="ElementsUi" time="0.0"/>
</testsuite> <!-- Surefire test -->
