<?xml version="1.0" encoding="UTF-8"?>
<!-- Generated by org.testng.reporters.JUnitXMLReporter -->
<testsuite ignored="0" hostname="LAPTOP-D0222Q4F" failures="0" tests="4" name="Test" time="0.065" errors="0" timestamp="2021-06-21T14:17:09 IST">
  <testcase classname="qaclickacademy.SeleniumTest" name="BrowserAutomation" time="0.006"/>
  <testcase classname="qaclickacademy.SeleniumTest" name="ElementsUi" time="0.001"/>
  <testcase classname="qaclickacademy.RestAPITest" name="DeleteTwitter" time="0.0"/>
  <testcase classname="qaclickacademy.RestAPITest" name="PostJira" time="0.001"/>
</testsuite> <!-- Test -->
