<?xml version="1.0" encoding="UTF-8"?>
<testng-results ignored="0" total="4" passed="4" failed="0" skipped="0">
  <reporter-output>
  </reporter-output>
  <suite started-at="2021-06-21T14:17:09 IST" name="Suite" finished-at="2021-06-21T14:17:09 IST" duration-ms="65">
    <groups>
    </groups>
    <test started-at="2021-06-21T14:17:09 IST" name="Test" finished-at="2021-06-21T14:17:09 IST" duration-ms="65">
      <class name="qaclickacademy.RestAPITest">
        <test-method signature="DeleteTwitter()[pri:0, instance:qaclickacademy.RestAPITest@2a32de6c]" started-at="2021-06-21T14:17:09 IST" name="DeleteTwitter" finished-at="2021-06-21T14:17:09 IST" duration-ms="0" status="PASS">
          <reporter-output>
          </reporter-output>
        </test-method> <!-- DeleteTwitter -->
        <test-method signature="PostJira()[pri:0, instance:qaclickacademy.RestAPITest@2a32de6c]" started-at="2021-06-21T14:17:09 IST" name="PostJira" finished-at="2021-06-21T14:17:09 IST" duration-ms="1" status="PASS">
          <reporter-output>
          </reporter-output>
        </test-method> <!-- PostJira -->
      </class> <!-- qaclickacademy.RestAPITest -->
      <class name="qaclickacademy.SeleniumTest">
        <test-method signature="BrowserAutomation()[pri:0, instance:qaclickacademy.SeleniumTest@197d671]" started-at="2021-06-21T14:17:09 IST" name="BrowserAutomation" finished-at="2021-06-21T14:17:09 IST" duration-ms="6" status="PASS">
          <reporter-output>
          </reporter-output>
        </test-method> <!-- BrowserAutomation -->
        <test-method signature="ElementsUi()[pri:0, instance:qaclickacademy.SeleniumTest@197d671]" started-at="2021-06-21T14:17:09 IST" name="ElementsUi" finished-at="2021-06-21T14:17:09 IST" duration-ms="1" status="PASS">
          <reporter-output>
          </reporter-output>
        </test-method> <!-- ElementsUi -->
      </class> <!-- qaclickacademy.SeleniumTest -->
    </test> <!-- Test -->
  </suite> <!-- Suite -->
</testng-results>
